22:45:12.100 [main] INFO  stepdefinitions.DataStructuresSD - The output has to be displayed
22:45:13.668 [main] INFO  stepdefinitions.SignInSD - User is on SignIn page
22:45:14.373 [main] INFO  stepdefinitions.SignInSD - User enters username as Kowsalya25and password asSaibaba25@
22:45:14.658 [main] INFO  stepdefinitions.SignInSD - User clicks on login button
22:45:15.221 [main] INFO  stepdefinitions.DataStructuresSD - The user clicks on datastructure getstarted button
22:45:15.650 [main] INFO  stepdefinitions.DataStructuresSD - The user redirected to page with titleData Structures-Introduction
22:45:15.674 [main] INFO  stepdefinitions.DataStructuresSD - The User clicks on Time Complexity
22:45:16.043 [main] INFO  stepdefinitions.DataStructuresSD - user click on Try here button
22:45:16.768 [main] INFO  stepdefinitions.DataStructuresSD - user enters the wrong Python code
22:45:17.423 [main] INFO  stepdefinitions.DataStructuresSD - click on run button
22:45:17.558 [main] INFO  stepdefinitions.DataStructuresSD - The alert message has to be displayed
22:45:19.598 [main] INFO  stepdefinitions.HomePage1SD - The user opens homepage
22:45:20.300 [main] INFO  stepdefinitions.HomePage1SD - The user gets title of the page
22:45:20.313 [main] INFO  stepdefinitions.HomePage1SD - The user should land in DS Algo portal page
22:45:21.849 [main] INFO  stepdefinitions.HomePage1SD - The user opens homepage
22:45:22.618 [main] INFO  stepdefinitions.HomePage1SD - The user clicks GetStarted button under DatStrucures
22:45:23.057 [main] INFO  stepdefinitions.HomePage1SD - It should alert the user with a messageYou are not logged in
22:45:24.591 [main] INFO  stepdefinitions.HomePage1SD - The user opens homepage
22:45:25.345 [main] INFO  stepdefinitions.HomePage1SD - The user clicks GetStarted button under Array
22:45:25.702 [main] INFO  stepdefinitions.HomePage1SD - It should alert the user with a messageYou are not logged in
22:45:27.427 [main] INFO  stepdefinitions.HomePage1SD - The user opens homepage
22:45:28.247 [main] INFO  stepdefinitions.HomePage1SD - The user clicks GetStarted button under LinkedList
22:45:28.658 [main] INFO  stepdefinitions.HomePage1SD - It should alert the user with a messageYou are not logged in
22:45:30.520 [main] INFO  stepdefinitions.HomePage1SD - The user opens homepage
22:45:31.236 [main] INFO  stepdefinitions.HomePage1SD - The user clicks GetStarted button under Stack
22:45:31.692 [main] INFO  stepdefinitions.HomePage1SD - It should alert the user with a messageYou are not logged in
22:45:33.435 [main] INFO  stepdefinitions.HomePage1SD - The user opens homepage
22:45:34.150 [main] INFO  stepdefinitions.HomePage1SD - The user clicks GetStarted button under Queue
22:45:34.583 [main] INFO  stepdefinitions.HomePage1SD - It should alert the user with a messageYou are not logged in
22:45:36.290 [main] INFO  stepdefinitions.HomePage1SD - The user opens homepage
22:45:36.989 [main] INFO  stepdefinitions.HomePage1SD - The user clicks GetStarted button under Tree
22:45:37.401 [main] INFO  stepdefinitions.HomePage1SD - It should alert the user with a messageYou are not logged in
22:45:39.095 [main] INFO  stepdefinitions.HomePage1SD - The user opens homepage
22:45:39.860 [main] INFO  stepdefinitions.HomePage1SD - The user clicks GetStarted button under Graph
22:45:40.337 [main] INFO  stepdefinitions.HomePage1SD - It should alert the user with a messageYou are not logged in
22:45:42.109 [main] INFO  stepdefinitions.HomePage1SD - The user opens homepage
22:45:42.848 [main] INFO  stepdefinitions.HomePage1SD - The user clicks on Datastructure Dropdown
22:45:42.983 [main] INFO  stepdefinitions.HomePage1SD - It should alert the user with a messageYou are not logged in
22:45:44.858 [main] INFO  stepdefinitions.HomePage1SD - The user opens homepage
22:45:45.488 [main] INFO  stepdefinitions.HomePage1SD - The user clicks on Arrays Dropdown
22:45:46.024 [main] INFO  stepdefinitions.HomePage1SD - It should alert the user with a messageYou are not logged in
22:45:47.724 [main] INFO  stepdefinitions.HomePage1SD - The user opens homepage
22:45:48.451 [main] INFO  stepdefinitions.HomePage1SD - The user clicks on  LinkedList Dropdown
22:45:48.981 [main] INFO  stepdefinitions.HomePage1SD - It should alert the user with a messageYou are not logged in
22:45:50.714 [main] INFO  stepdefinitions.HomePage1SD - The user opens homepage
22:45:51.454 [main] INFO  stepdefinitions.HomePage1SD - The user clicks on Stack Dropdown
22:45:52.002 [main] INFO  stepdefinitions.HomePage1SD - It should alert the user with a messageYou are not logged in
22:45:53.694 [main] INFO  stepdefinitions.HomePage1SD - The user opens homepage
22:45:54.425 [main] INFO  stepdefinitions.HomePage1SD - The user clicks on Queue Dropdown
22:45:55.032 [main] INFO  stepdefinitions.HomePage1SD - It should alert the user with a messageYou are not logged in
22:45:56.765 [main] INFO  stepdefinitions.HomePage1SD - The user opens homepage
22:45:57.652 [main] INFO  stepdefinitions.HomePage1SD - The user clicks on Tree Dropdown
22:45:58.163 [main] INFO  stepdefinitions.HomePage1SD - It should alert the user with a messageYou are not logged in
22:45:59.858 [main] INFO  stepdefinitions.HomePage1SD - The user opens homepage
22:46:00.601 [main] INFO  stepdefinitions.HomePage1SD - The user clicks on Graph Dropdown
22:46:01.227 [main] INFO  stepdefinitions.HomePage1SD - It should alert the user with a messageYou are not logged in
22:46:02.903 [main] INFO  stepdefinitions.HomePage1SD - The user opens homepage
22:46:03.577 [main] INFO  stepdefinitions.HomePage1SD - The user clicks on Register button
22:46:03.963 [main] INFO  stepdefinitions.HomePage1SD - It should navigate to register form with titleRegistration
22:46:05.742 [main] INFO  stepdefinitions.HomePage1SD - The user opens homepage
22:46:06.468 [main] INFO  stepdefinitions.HomePage1SD - The user clicks on SignIn button
22:46:08.845 [main] INFO  stepdefinitions.HomePage1SD - It should navigate to SignIn page  with titleLogin
22:46:10.235 [main] INFO  stepdefinitions.SignInSD - User is on SignIn page
22:46:10.817 [main] INFO  stepdefinitions.SignInSD - User enters username as Kowsalya25and password asSaibaba25@
22:46:11.005 [main] INFO  stepdefinitions.SignInSD - User clicks on login button
22:46:11.547 [main] INFO  stepdefinitions.LinkedListSD - The user clicks on LinkedList getstarted button
22:46:11.959 [main] INFO  stepdefinitions.LinkedListSD - The user redirected to Linkedlist page with titleLinked List
22:46:13.538 [main] INFO  stepdefinitions.SignInSD - User is on SignIn page
22:46:14.296 [main] INFO  stepdefinitions.SignInSD - User enters username as Kowsalya25and password asSaibaba25@
22:46:14.627 [main] INFO  stepdefinitions.SignInSD - User clicks on login button
22:46:15.185 [main] INFO  stepdefinitions.LinkedListSD - The user is on LinkedList page
22:46:15.596 [main] INFO  stepdefinitions.LinkedListSD - The user clicks on Introduction
22:46:16.006 [main] INFO  stepdefinitions.DataStructuresSD - It should navigate to corresponding page with titleIntroduction
22:46:16.029 [main] INFO  stepdefinitions.DataStructuresSD - user click on Try here button
22:46:16.695 [main] INFO  stepdefinitions.DataStructuresSD - It should navigate to corresponding page with titleAssessment
22:46:16.716 [main] INFO  stepdefinitions.DataStructuresSD - user enter the Python code
22:46:17.527 [main] INFO  stepdefinitions.DataStructuresSD - click on run button
22:46:17.611 [main] INFO  stepdefinitions.DataStructuresSD - The output has to be displayed
22:46:19.169 [main] INFO  stepdefinitions.SignInSD - User is on SignIn page
22:46:20.023 [main] INFO  stepdefinitions.SignInSD - User enters username as Kowsalya25and password asSaibaba25@
22:46:20.369 [main] INFO  stepdefinitions.SignInSD - User clicks on login button
22:46:20.911 [main] INFO  stepdefinitions.LinkedListSD - The user is on LinkedList page
22:46:21.338 [main] INFO  stepdefinitions.LinkedListSD - The user clicks on Creating Linked List
22:46:21.742 [main] INFO  stepdefinitions.DataStructuresSD - It should navigate to corresponding page with titleCreating Linked LIst
22:46:21.760 [main] INFO  stepdefinitions.DataStructuresSD - user click on Try here button
22:46:22.487 [main] INFO  stepdefinitions.DataStructuresSD - It should navigate to corresponding page with titleAssessment
22:46:22.505 [main] INFO  stepdefinitions.DataStructuresSD - user enter the Python code
22:46:23.281 [main] INFO  stepdefinitions.DataStructuresSD - click on run button
22:46:23.406 [main] INFO  stepdefinitions.DataStructuresSD - The output has to be displayed
22:46:25.017 [main] INFO  stepdefinitions.SignInSD - User is on SignIn page
22:46:25.890 [main] INFO  stepdefinitions.SignInSD - User enters username as Kowsalya25and password asSaibaba25@
22:46:26.176 [main] INFO  stepdefinitions.SignInSD - User clicks on login button
22:46:26.739 [main] INFO  stepdefinitions.LinkedListSD - The user is on LinkedList page
22:46:27.117 [main] INFO  stepdefinitions.LinkedListSD - The user clicks on Types of Linked List
22:46:27.500 [main] INFO  stepdefinitions.DataStructuresSD - It should navigate to corresponding page with titleTypes of Linked List
22:46:27.521 [main] INFO  stepdefinitions.DataStructuresSD - user click on Try here button
22:46:28.211 [main] INFO  stepdefinitions.DataStructuresSD - It should navigate to corresponding page with titleAssessment
22:46:28.238 [main] INFO  stepdefinitions.DataStructuresSD - user enter the Python code
22:46:29.018 [main] INFO  stepdefinitions.DataStructuresSD - click on run button
22:46:29.159 [main] INFO  stepdefinitions.DataStructuresSD - The output has to be displayed
22:46:30.876 [main] INFO  stepdefinitions.SignInSD - User is on SignIn page
22:46:31.599 [main] INFO  stepdefinitions.SignInSD - User enters username as Kowsalya25and password asSaibaba25@
22:46:31.907 [main] INFO  stepdefinitions.SignInSD - User clicks on login button
22:46:32.515 [main] INFO  stepdefinitions.LinkedListSD - The user is on LinkedList page
22:46:32.930 [main] INFO  stepdefinitions.LinkedListSD - The user clicks on Implement Linked List in Python
22:46:33.303 [main] INFO  stepdefinitions.DataStructuresSD - It should navigate to corresponding page with titleImplement Linked List in Python
22:46:33.323 [main] INFO  stepdefinitions.DataStructuresSD - user click on Try here button
22:46:34.097 [main] INFO  stepdefinitions.DataStructuresSD - It should navigate to corresponding page with titleAssessment
22:46:34.116 [main] INFO  stepdefinitions.DataStructuresSD - user enter the Python code
22:46:34.868 [main] INFO  stepdefinitions.DataStructuresSD - click on run button
22:46:35.008 [main] INFO  stepdefinitions.DataStructuresSD - The output has to be displayed
22:46:36.610 [main] INFO  stepdefinitions.SignInSD - User is on SignIn page
22:46:37.330 [main] INFO  stepdefinitions.SignInSD - User enters username as Kowsalya25and password asSaibaba25@
22:46:37.695 [main] INFO  stepdefinitions.SignInSD - User clicks on login button
22:46:38.276 [main] INFO  stepdefinitions.LinkedListSD - The user is on LinkedList page
22:46:38.686 [main] INFO  stepdefinitions.LinkedListSD - The user clicks on Traversal
22:46:39.085 [main] INFO  stepdefinitions.DataStructuresSD - It should navigate to corresponding page with titleTraversal
22:46:39.103 [main] INFO  stepdefinitions.DataStructuresSD - user click on Try here button
22:46:39.780 [main] INFO  stepdefinitions.DataStructuresSD - It should navigate to corresponding page with titleAssessment
22:46:39.801 [main] INFO  stepdefinitions.DataStructuresSD - user enter the Python code
22:46:40.496 [main] INFO  stepdefinitions.DataStructuresSD - click on run button
22:46:40.650 [main] INFO  stepdefinitions.DataStructuresSD - The output has to be displayed
22:46:42.343 [main] INFO  stepdefinitions.SignInSD - User is on SignIn page
22:46:43.124 [main] INFO  stepdefinitions.SignInSD - User enters username as Kowsalya25and password asSaibaba25@
22:46:43.415 [main] INFO  stepdefinitions.SignInSD - User clicks on login button
22:46:43.968 [main] INFO  stepdefinitions.LinkedListSD - The user is on LinkedList page
22:46:44.357 [main] INFO  stepdefinitions.LinkedListSD - The user clicks on Insertion
22:46:44.780 [main] INFO  stepdefinitions.DataStructuresSD - It should navigate to corresponding page with titleInsertion
22:46:44.798 [main] INFO  stepdefinitions.DataStructuresSD - user click on Try here button
22:46:45.593 [main] INFO  stepdefinitions.DataStructuresSD - It should navigate to corresponding page with titleAssessment
22:46:45.616 [main] INFO  stepdefinitions.DataStructuresSD - user enter the Python code
22:46:46.418 [main] INFO  stepdefinitions.DataStructuresSD - click on run button
22:46:46.553 [main] INFO  stepdefinitions.DataStructuresSD - The output has to be displayed
22:46:48.338 [main] INFO  stepdefinitions.SignInSD - User is on SignIn page
22:46:49.091 [main] INFO  stepdefinitions.SignInSD - User enters username as Kowsalya25and password asSaibaba25@
22:46:49.426 [main] INFO  stepdefinitions.SignInSD - User clicks on login button
22:46:50.035 [main] INFO  stepdefinitions.LinkedListSD - The user is on LinkedList page
22:46:50.456 [main] INFO  stepdefinitions.LinkedListSD - The user clicks on Insertion Deletion
22:46:50.871 [main] INFO  stepdefinitions.DataStructuresSD - It should navigate to corresponding page with titleDeletion
22:46:50.888 [main] INFO  stepdefinitions.DataStructuresSD - user click on Try here button
22:46:51.623 [main] INFO  stepdefinitions.DataStructuresSD - It should navigate to corresponding page with titleAssessment
22:46:51.649 [main] INFO  stepdefinitions.DataStructuresSD - user enter the Python code
22:46:52.413 [main] INFO  stepdefinitions.DataStructuresSD - click on run button
22:46:52.561 [main] INFO  stepdefinitions.DataStructuresSD - The output has to be displayed
22:46:54.274 [main] INFO  stepdefinitions.SignInSD - User is on SignIn page
22:46:55.066 [main] INFO  stepdefinitions.SignInSD - User enters username as Kowsalya25and password asSaibaba25@
22:46:55.373 [main] INFO  stepdefinitions.SignInSD - User clicks on login button
22:46:55.984 [main] INFO  stepdefinitions.LinkedListSD - The user is on LinkedList page
22:46:56.390 [main] INFO  stepdefinitions.LinkedListSD - The user clicks on Introduction
22:46:56.751 [main] INFO  stepdefinitions.DataStructuresSD - user click on Try here button
22:46:57.479 [main] INFO  stepdefinitions.DataStructuresSD - user enters the wrong Python code
22:46:58.104 [main] INFO  stepdefinitions.DataStructuresSD - click on run button
22:46:58.254 [main] INFO  stepdefinitions.DataStructuresSD - The alert message has to be displayed
22:47:00.203 [main] INFO  stepdefinitions.SignInSD - User is on SignIn page
22:47:01.013 [main] INFO  stepdefinitions.SignInSD - User enters username as Kowsalya25and password asSaibaba25@
22:47:01.312 [main] INFO  stepdefinitions.SignInSD - User clicks on login button
22:47:01.868 [main] INFO  stepdefinitions.LinkedListSD - The user is on LinkedList page
22:47:02.274 [main] INFO  stepdefinitions.LinkedListSD - The user clicks on Creating Linked List
22:47:02.633 [main] INFO  stepdefinitions.DataStructuresSD - user click on Try here button
22:47:03.382 [main] INFO  stepdefinitions.DataStructuresSD - user enters the wrong Python code
22:47:04.056 [main] INFO  stepdefinitions.DataStructuresSD - click on run button
22:47:04.210 [main] INFO  stepdefinitions.DataStructuresSD - The alert message has to be displayed
22:47:06.200 [main] INFO  stepdefinitions.SignInSD - User is on SignIn page
22:47:06.958 [main] INFO  stepdefinitions.SignInSD - User enters username as Kowsalya25and password asSaibaba25@
22:47:07.301 [main] INFO  stepdefinitions.SignInSD - User clicks on login button
22:47:07.853 [main] INFO  stepdefinitions.LinkedListSD - The user is on LinkedList page
22:47:08.244 [main] INFO  stepdefinitions.LinkedListSD - The user clicks on Types of Linked List
22:47:08.668 [main] INFO  stepdefinitions.DataStructuresSD - user click on Try here button
22:47:09.433 [main] INFO  stepdefinitions.DataStructuresSD - user enters the wrong Python code
22:47:10.056 [main] INFO  stepdefinitions.DataStructuresSD - click on run button
22:47:10.182 [main] INFO  stepdefinitions.DataStructuresSD - The alert message has to be displayed
22:47:12.234 [main] INFO  stepdefinitions.SignInSD - User is on SignIn page
22:47:13.028 [main] INFO  stepdefinitions.SignInSD - User enters username as Kowsalya25and password asSaibaba25@
22:47:13.345 [main] INFO  stepdefinitions.SignInSD - User clicks on login button
22:47:13.879 [main] INFO  stepdefinitions.LinkedListSD - The user is on LinkedList page
22:47:14.288 [main] INFO  stepdefinitions.LinkedListSD - The user clicks on Implement Linked List in Python
22:47:14.672 [main] INFO  stepdefinitions.DataStructuresSD - user click on Try here button
22:47:15.376 [main] INFO  stepdefinitions.DataStructuresSD - user enters the wrong Python code
22:47:16.003 [main] INFO  stepdefinitions.DataStructuresSD - click on run button
22:47:16.131 [main] INFO  stepdefinitions.DataStructuresSD - The alert message has to be displayed
22:47:18.130 [main] INFO  stepdefinitions.SignInSD - User is on SignIn page
22:47:18.895 [main] INFO  stepdefinitions.SignInSD - User enters username as Kowsalya25and password asSaibaba25@
22:47:19.225 [main] INFO  stepdefinitions.SignInSD - User clicks on login button
22:47:19.782 [main] INFO  stepdefinitions.LinkedListSD - The user is on LinkedList page
22:47:20.175 [main] INFO  stepdefinitions.LinkedListSD - The user clicks on Traversal
22:47:20.596 [main] INFO  stepdefinitions.DataStructuresSD - user click on Try here button
22:47:21.210 [main] INFO  stepdefinitions.DataStructuresSD - user enters the wrong Python code
22:47:21.838 [main] INFO  stepdefinitions.DataStructuresSD - click on run button
22:47:21.998 [main] INFO  stepdefinitions.DataStructuresSD - The alert message has to be displayed
22:47:24.058 [main] INFO  stepdefinitions.SignInSD - User is on SignIn page
22:47:24.820 [main] INFO  stepdefinitions.SignInSD - User enters username as Kowsalya25and password asSaibaba25@
22:47:25.088 [main] INFO  stepdefinitions.SignInSD - User clicks on login button
22:47:25.650 [main] INFO  stepdefinitions.LinkedListSD - The user is on LinkedList page
22:47:26.109 [main] INFO  stepdefinitions.LinkedListSD - The user clicks on Insertion
22:47:26.565 [main] INFO  stepdefinitions.DataStructuresSD - user click on Try here button
22:47:27.296 [main] INFO  stepdefinitions.DataStructuresSD - user enters the wrong Python code
22:47:27.941 [main] INFO  stepdefinitions.DataStructuresSD - click on run button
22:47:28.113 [main] INFO  stepdefinitions.DataStructuresSD - The alert message has to be displayed
22:47:30.241 [main] INFO  stepdefinitions.SignInSD - User is on SignIn page
22:47:31.042 [main] INFO  stepdefinitions.SignInSD - User enters username as Kowsalya25and password asSaibaba25@
22:47:31.359 [main] INFO  stepdefinitions.SignInSD - User clicks on login button
22:47:31.908 [main] INFO  stepdefinitions.LinkedListSD - The user is on LinkedList page
22:47:32.295 [main] INFO  stepdefinitions.LinkedListSD - The user clicks on Insertion Deletion
22:47:32.698 [main] INFO  stepdefinitions.DataStructuresSD - It should navigate to corresponding page with titleDeletion
22:47:32.714 [main] INFO  stepdefinitions.DataStructuresSD - user click on Try here button
22:47:33.413 [main] INFO  stepdefinitions.DataStructuresSD - user enters the wrong Python code
22:47:34.061 [main] INFO  stepdefinitions.DataStructuresSD - click on run button
22:47:34.209 [main] INFO  stepdefinitions.DataStructuresSD - The alert message has to be displayed
22:47:36.401 [main] INFO  stepdefinitions.RegisterSD - The user opens Register Page
22:47:37.202 [main] INFO  stepdefinitions.RegisterSD - User click Register with all empty field
22:47:37.313 [main] INFO  stepdefinitions.RegisterSD - User verify the message at username on Register Page as Please fill out this field.
22:47:39.190 [main] INFO  stepdefinitions.RegisterSD - The user opens Register Page
22:47:39.897 [main] INFO  stepdefinitions.RegisterSD - User click Register with username as numpyninja
22:47:40.185 [main] INFO  stepdefinitions.RegisterSD - User verify the message at password on Register PagePlease fill out this field.
22:47:41.940 [main] INFO  stepdefinitions.RegisterSD - The user opens Register Page
22:47:42.957 [main] INFO  stepdefinitions.RegisterSD - User click Register with username asnumpyninja91and password asninjanumpy91
22:47:44.086 [main] INFO  stepdefinitions.RegisterSD - User verify the message at confirmpassword on Register Page asPlease fill out this field.
22:47:47.100 [main] INFO  stepdefinitions.RegisterSD - The user opens Register Page
22:47:49.463 [main] INFO  stepdefinitions.RegisterSD - User click Register and verify thepassword_mismatch:The two password fields didn’t match.
22:47:52.937 [main] INFO  stepdefinitions.RegisterSD - The user opens Register Page
22:47:55.425 [main] INFO  stepdefinitions.RegisterSD - User click Register and verify thepassword_mismatch:The two password fields didn’t match.
22:47:58.569 [main] INFO  stepdefinitions.RegisterSD - The user opens Register Page
22:48:00.824 [main] INFO  stepdefinitions.RegisterSD - User click Register and verify thepassword_mismatch:The two password fields didn’t match.
22:48:04.090 [main] INFO  stepdefinitions.RegisterSD - The user opens Register Page
22:48:06.192 [main] INFO  stepdefinitions.RegisterSD - User click Register and verify thepassword_mismatch:The two password fields didn’t match.
22:48:08.946 [main] INFO  stepdefinitions.RegisterSD - The user opens Register Page
22:48:13.018 [main] INFO  stepdefinitions.RegisterSD - The user opens Register Page
22:48:16.697 [main] INFO  stepdefinitions.RegisterSD - The user opens Register Page
22:48:20.685 [main] INFO  stepdefinitions.RegisterSD - The user opens Register Page
22:48:24.511 [main] INFO  stepdefinitions.SignInSD - User is on SignIn page
22:48:25.698 [main] INFO  stepdefinitions.SignInSD - User Clicks on Register link
22:48:26.416 [main] INFO  stepdefinitions.SignInSD - User should be redirected to Register page
22:48:29.467 [main] INFO  stepdefinitions.SignInSD - User is on SignIn page
22:48:30.327 [main] INFO  stepdefinitions.SignInSD - User clicks on login button with all empty field
22:48:30.546 [main] INFO  stepdefinitions.SignInSD - User verify the message at username asPlease fill out this field.
22:48:33.217 [main] INFO  stepdefinitions.SignInSD - User is on SignIn page
22:48:34.626 [main] INFO  stepdefinitions.SignInSD - User clicks on login button with username asnumpy
22:48:35.031 [main] INFO  stepdefinitions.SignInSD - User verify the message at password as
22:48:37.944 [main] INFO  stepdefinitions.SignInSD - User is on SignIn page
22:48:38.786 [main] INFO  stepdefinitions.SignInSD - User verify the message at password asnumpy
22:48:39.253 [main] INFO  stepdefinitions.SignInSD - User verify the message at user asPlease fill out this field.
22:48:41.981 [main] INFO  stepdefinitions.SignInSD - User is on SignIn page
22:48:42.999 [main] INFO  stepdefinitions.SignInSD - User enters username as abcdefgh
22:48:43.314 [main] INFO  stepdefinitions.SignInSD - User enters password aszxyu1234
22:48:43.568 [main] INFO  stepdefinitions.SignInSD - User clicks login button
22:48:44.064 [main] INFO  stepdefinitions.SignInSD - User verify the message asInvalid Username and Password
22:48:46.852 [main] INFO  stepdefinitions.SignInSD - User is on SignIn page
22:48:47.928 [main] INFO  stepdefinitions.SignInSD - User enters username as Kowsalya25
22:48:48.289 [main] INFO  stepdefinitions.SignInSD - User enters password asSaibaba25@
22:48:48.537 [main] INFO  stepdefinitions.SignInSD - User clicks on login button
22:48:49.103 [main] INFO  stepdefinitions.SignInSD - It should navigate to the home page with a message You are logged in  
22:48:51.645 [main] INFO  stepdefinitions.SignInSD - User is on SignIn page
22:48:52.689 [main] INFO  stepdefinitions.SignInSD - User enters username as Kowsalya25and password asSaibaba25@
22:48:53.305 [main] INFO  stepdefinitions.SignInSD - User clicks on login button
22:48:54.054 [main] INFO  stepdefinitions.SignInSD - User clicks on signout
22:48:54.638 [main] INFO  stepdefinitions.SignInSD - Message displayed LoggedOut Successfully
22:48:57.450 [main] INFO  stepdefinitions.SignInSD - User is on SignIn page
22:48:58.410 [main] INFO  stepdefinitions.SignInSD - User enters username as Kowsalya25and password asSaibaba25@
22:48:58.996 [main] INFO  stepdefinitions.SignInSD - User clicks on login button
22:48:59.602 [main] INFO  stepdefinitions.StackSD - The user clicks on Stack getstarted button
22:49:00.336 [main] INFO  stepdefinitions.DataStructuresSD - The user redirected to page with titleStack
22:49:03.281 [main] INFO  stepdefinitions.SignInSD - User is on SignIn page
22:49:04.340 [main] INFO  stepdefinitions.SignInSD - User enters username as Kowsalya25and password asSaibaba25@
22:49:04.805 [main] INFO  stepdefinitions.SignInSD - User clicks on login button
22:49:05.322 [main] INFO  stepdefinitions.StackSD - User is on Stack Page
22:49:05.900 [main] INFO  stepdefinitions.StackSD - User clicks on Operations in Stack
22:49:06.608 [main] INFO  stepdefinitions.DataStructuresSD - It should navigate to corresponding page with titleOperations in Stack
22:49:06.635 [main] INFO  stepdefinitions.DataStructuresSD - user click on Try here button
22:49:07.410 [main] INFO  stepdefinitions.DataStructuresSD - It should navigate to corresponding page with titleAssessment
22:49:07.450 [main] INFO  stepdefinitions.DataStructuresSD - user enter the Python code
22:49:08.750 [main] INFO  stepdefinitions.DataStructuresSD - click on run button
22:49:08.884 [main] INFO  stepdefinitions.DataStructuresSD - The output has to be displayed
22:49:11.161 [main] INFO  stepdefinitions.SignInSD - User is on SignIn page
22:49:12.358 [main] INFO  stepdefinitions.SignInSD - User enters username as Kowsalya25and password asSaibaba25@
22:49:13.010 [main] INFO  stepdefinitions.SignInSD - User clicks on login button
22:49:13.653 [main] INFO  stepdefinitions.StackSD - User is on Stack Page
22:49:14.441 [main] INFO  stepdefinitions.StackSD - The  user clicks on Implementation
22:49:15.118 [main] INFO  stepdefinitions.DataStructuresSD - It should navigate to corresponding page with titleImplementation
22:49:15.154 [main] INFO  stepdefinitions.DataStructuresSD - user click on Try here button
22:49:15.862 [main] INFO  stepdefinitions.DataStructuresSD - It should navigate to corresponding page with titleAssessment
22:49:15.897 [main] INFO  stepdefinitions.DataStructuresSD - user enter the Python code
22:49:17.113 [main] INFO  stepdefinitions.DataStructuresSD - click on run button
22:49:17.253 [main] INFO  stepdefinitions.DataStructuresSD - The output has to be displayed
22:49:19.600 [main] INFO  stepdefinitions.SignInSD - User is on SignIn page
22:49:20.595 [main] INFO  stepdefinitions.SignInSD - User enters username as Kowsalya25and password asSaibaba25@
22:49:21.169 [main] INFO  stepdefinitions.SignInSD - User clicks on login button
22:49:21.854 [main] INFO  stepdefinitions.StackSD - User is on Stack Page
22:49:22.435 [main] INFO  stepdefinitions.StackSD - User clicks on Applications
22:49:22.915 [main] INFO  stepdefinitions.DataStructuresSD - It should navigate to corresponding page with titleApplications
22:49:22.946 [main] INFO  stepdefinitions.DataStructuresSD - user click on Try here button
22:49:23.841 [main] INFO  stepdefinitions.DataStructuresSD - It should navigate to corresponding page with titleAssessment
22:49:23.871 [main] INFO  stepdefinitions.DataStructuresSD - user enter the Python code
22:49:25.239 [main] INFO  stepdefinitions.DataStructuresSD - click on run button
22:49:25.375 [main] INFO  stepdefinitions.DataStructuresSD - The output has to be displayed
22:49:27.997 [main] INFO  stepdefinitions.SignInSD - User is on SignIn page
22:49:29.160 [main] INFO  stepdefinitions.SignInSD - User enters username as Kowsalya25and password asSaibaba25@
22:49:29.749 [main] INFO  stepdefinitions.SignInSD - User clicks on login button
22:49:30.483 [main] INFO  stepdefinitions.StackSD - User is on Stack Page
22:49:30.932 [main] INFO  stepdefinitions.StackSD - User clicks on Operations in Stack
22:49:31.418 [main] INFO  stepdefinitions.DataStructuresSD - user click on Try here button
22:49:32.325 [main] INFO  stepdefinitions.DataStructuresSD - user enters the wrong Python code
22:49:33.074 [main] INFO  stepdefinitions.DataStructuresSD - click on run button
22:49:33.200 [main] INFO  stepdefinitions.DataStructuresSD - The alert message has to be displayed
22:49:36.190 [main] INFO  stepdefinitions.SignInSD - User is on SignIn page
22:49:37.110 [main] INFO  stepdefinitions.SignInSD - User enters username as Kowsalya25and password asSaibaba25@
22:49:37.724 [main] INFO  stepdefinitions.SignInSD - User clicks on login button
22:49:38.479 [main] INFO  stepdefinitions.StackSD - User is on Stack Page
22:49:38.878 [main] INFO  stepdefinitions.StackSD - The  user clicks on Implementation
22:49:39.295 [main] INFO  stepdefinitions.DataStructuresSD - user click on Try here button
22:49:40.238 [main] INFO  stepdefinitions.DataStructuresSD - user enters the wrong Python code
22:49:41.023 [main] INFO  stepdefinitions.DataStructuresSD - click on run button
22:49:41.161 [main] INFO  stepdefinitions.DataStructuresSD - The alert message has to be displayed
22:49:44.282 [main] INFO  stepdefinitions.SignInSD - User is on SignIn page
22:49:45.474 [main] INFO  stepdefinitions.SignInSD - User enters username as Kowsalya25and password asSaibaba25@
22:49:46.066 [main] INFO  stepdefinitions.SignInSD - User clicks on login button
22:49:46.717 [main] INFO  stepdefinitions.StackSD - User is on Stack Page
22:49:47.174 [main] INFO  stepdefinitions.StackSD - User clicks on Applications
22:49:47.614 [main] INFO  stepdefinitions.DataStructuresSD - user click on Try here button
22:49:48.499 [main] INFO  stepdefinitions.DataStructuresSD - user enters the wrong Python code
22:49:49.276 [main] INFO  stepdefinitions.DataStructuresSD - click on run button
22:49:49.405 [main] INFO  stepdefinitions.DataStructuresSD - The alert message has to be displayed
14:19:46.022 [main] INFO  stepdefinitions.SignInSD - User is on SignIn page
14:19:46.690 [main] INFO  stepdefinitions.SignInSD - User enters username as Kowsalya25and password asSaibaba25@
14:19:46.845 [main] INFO  stepdefinitions.SignInSD - User clicks on login button
14:19:47.449 [main] INFO  stepdefinitions.DataStructuresSD - The user redirected to page with titleArray
14:19:48.533 [main] INFO  stepdefinitions.SignInSD - User is on SignIn page
14:19:49.164 [main] INFO  stepdefinitions.SignInSD - User enters username as Kowsalya25and password asSaibaba25@
14:19:49.322 [main] INFO  stepdefinitions.SignInSD - User clicks on login button
14:19:49.971 [main] INFO  stepdefinitions.ArraysSD - User Clicks on Arrays in python
14:19:50.501 [main] INFO  stepdefinitions.DataStructuresSD - It should navigate to corresponding page with titleArrays in Python
14:19:50.514 [main] INFO  stepdefinitions.DataStructuresSD - user click on Try here button
14:19:51.109 [main] INFO  stepdefinitions.DataStructuresSD - It should navigate to corresponding page with titleAssessment
14:19:51.127 [main] INFO  stepdefinitions.DataStructuresSD - user enter the Python code
14:19:51.793 [main] INFO  stepdefinitions.DataStructuresSD - click on run button
14:19:51.882 [main] INFO  stepdefinitions.DataStructuresSD - The output has to be displayed
14:19:52.956 [main] INFO  stepdefinitions.SignInSD - User is on SignIn page
14:19:53.602 [main] INFO  stepdefinitions.SignInSD - User enters username as Kowsalya25and password asSaibaba25@
14:19:53.757 [main] INFO  stepdefinitions.SignInSD - User clicks on login button
14:19:54.394 [main] INFO  stepdefinitions.ArraysSD - User Clicks on Arrays using list link
14:19:54.646 [main] INFO  stepdefinitions.DataStructuresSD - It should navigate to corresponding page with titleArrays Using List
14:19:54.654 [main] INFO  stepdefinitions.DataStructuresSD - user click on Try here button
14:19:55.188 [main] INFO  stepdefinitions.DataStructuresSD - It should navigate to corresponding page with titleAssessment
14:19:55.201 [main] INFO  stepdefinitions.DataStructuresSD - user enter the Python code
14:19:55.912 [main] INFO  stepdefinitions.DataStructuresSD - click on run button
14:19:56.000 [main] INFO  stepdefinitions.DataStructuresSD - The output has to be displayed
14:19:57.244 [main] INFO  stepdefinitions.SignInSD - User is on SignIn page
14:19:57.794 [main] INFO  stepdefinitions.SignInSD - User enters username as Kowsalya25and password asSaibaba25@
14:19:57.962 [main] INFO  stepdefinitions.SignInSD - User clicks on login button
14:19:58.719 [main] INFO  stepdefinitions.ArraysSD - User Clicks on Basic Operation in Lists
14:19:58.967 [main] INFO  stepdefinitions.DataStructuresSD - It should navigate to corresponding page with titleBasic Operations in Lists
14:19:58.980 [main] INFO  stepdefinitions.DataStructuresSD - user click on Try here button
14:19:59.572 [main] INFO  stepdefinitions.DataStructuresSD - It should navigate to corresponding page with titleAssessment
14:19:59.582 [main] INFO  stepdefinitions.DataStructuresSD - user enter the Python code
14:20:00.820 [main] INFO  stepdefinitions.SignInSD - User is on SignIn page
14:20:01.331 [main] INFO  stepdefinitions.SignInSD - User enters username as Kowsalya25and password asSaibaba25@
14:20:01.459 [main] INFO  stepdefinitions.SignInSD - User clicks on login button
14:20:02.249 [main] INFO  stepdefinitions.ArraysSD - User clicks on Applications of arrays
14:20:02.563 [main] INFO  stepdefinitions.DataStructuresSD - It should navigate to corresponding page with titleApplications of Array
14:20:02.575 [main] INFO  stepdefinitions.DataStructuresSD - user click on Try here button
14:20:03.138 [main] INFO  stepdefinitions.DataStructuresSD - It should navigate to corresponding page with titleAssessment
14:20:03.151 [main] INFO  stepdefinitions.DataStructuresSD - user enter the Python code
14:20:03.806 [main] INFO  stepdefinitions.DataStructuresSD - click on run button
14:34:05.331 [main] INFO  stepdefinitions.SignInSD - User is on SignIn page
14:34:06.146 [main] INFO  stepdefinitions.SignInSD - User enters username as Kowsalya25and password asSaibaba25@
14:34:06.326 [main] INFO  stepdefinitions.SignInSD - User clicks on login button
14:34:06.748 [main] INFO  stepdefinitions.DataStructuresSD - The user clicks on datastructure getstarted button
14:34:06.983 [main] INFO  stepdefinitions.DataStructuresSD - The user redirected to page with titleData Structures-Introduction
14:34:06.992 [main] INFO  stepdefinitions.DataStructuresSD - The User clicks on Time Complexity
14:34:07.237 [main] INFO  stepdefinitions.DataStructuresSD - It should navigate to corresponding page with titleTime Complexity
14:34:07.248 [main] INFO  stepdefinitions.DataStructuresSD - user click on Try here button
14:34:08.059 [main] INFO  stepdefinitions.DataStructuresSD - It should navigate to corresponding page with titleAssessment
14:34:08.076 [main] INFO  stepdefinitions.DataStructuresSD - user enter the Python code
14:34:08.750 [main] INFO  stepdefinitions.DataStructuresSD - click on run button
14:34:08.831 [main] INFO  stepdefinitions.DataStructuresSD - The output has to be displayed
14:34:09.910 [main] INFO  stepdefinitions.SignInSD - User is on SignIn page
14:34:10.664 [main] INFO  stepdefinitions.SignInSD - User enters username as Kowsalya25and password asSaibaba25@
14:34:10.845 [main] INFO  stepdefinitions.SignInSD - User clicks on login button
14:34:11.253 [main] INFO  stepdefinitions.DataStructuresSD - The user clicks on datastructure getstarted button
14:34:11.538 [main] INFO  stepdefinitions.DataStructuresSD - The user redirected to page with titleData Structures-Introduction
14:34:11.549 [main] INFO  stepdefinitions.DataStructuresSD - The User clicks on Time Complexity
14:34:11.770 [main] INFO  stepdefinitions.DataStructuresSD - user click on Try here button
14:34:12.374 [main] INFO  stepdefinitions.DataStructuresSD - user enters the wrong Python code
14:34:12.966 [main] INFO  stepdefinitions.DataStructuresSD - click on run button
14:34:13.052 [main] INFO  stepdefinitions.DataStructuresSD - The alert message has to be displayed
23:14:47.398 [main] INFO  stepdefinitions.SignInSD - User is on SignIn page
23:14:48.440 [main] INFO  stepdefinitions.SignInSD - User enters username as Kowsalya25and password asSaibaba25@
23:14:49.309 [main] INFO  stepdefinitions.SignInSD - User clicks on login button
23:14:52.381 [main] INFO  stepdefinitions.DataStructuresSD - The user redirected to page with titleArray
23:14:57.735 [main] INFO  stepdefinitions.SignInSD - User is on SignIn page
23:14:59.617 [main] INFO  stepdefinitions.SignInSD - User enters username as Kowsalya25and password asSaibaba25@
23:15:01.287 [main] INFO  stepdefinitions.SignInSD - User clicks on login button
23:15:03.632 [main] INFO  stepdefinitions.ArraysSD - User Clicks on Arrays in python
23:15:05.395 [main] INFO  stepdefinitions.DataStructuresSD - It should navigate to corresponding page with titleArrays in Python
23:15:05.432 [main] INFO  stepdefinitions.DataStructuresSD - user click on Try here button
23:15:07.428 [main] INFO  stepdefinitions.DataStructuresSD - It should navigate to corresponding page with titleAssessment
23:15:07.479 [main] INFO  stepdefinitions.DataStructuresSD - user enter the Python code
23:15:09.228 [main] INFO  stepdefinitions.DataStructuresSD - click on run button
23:15:09.635 [main] INFO  stepdefinitions.DataStructuresSD - The output has to be displayed
23:15:13.945 [main] INFO  stepdefinitions.SignInSD - User is on SignIn page
23:15:16.498 [main] INFO  stepdefinitions.SignInSD - User enters username as Kowsalya25and password asSaibaba25@
23:15:17.728 [main] INFO  stepdefinitions.SignInSD - User clicks on login button
23:15:20.348 [main] INFO  stepdefinitions.ArraysSD - User Clicks on Arrays using list link
23:15:21.627 [main] INFO  stepdefinitions.DataStructuresSD - It should navigate to corresponding page with titleArrays Using List
23:15:21.704 [main] INFO  stepdefinitions.DataStructuresSD - user click on Try here button
23:15:23.986 [main] INFO  stepdefinitions.DataStructuresSD - It should navigate to corresponding page with titleAssessment
23:15:24.051 [main] INFO  stepdefinitions.DataStructuresSD - user enter the Python code
23:15:26.195 [main] INFO  stepdefinitions.DataStructuresSD - click on run button
23:15:26.602 [main] INFO  stepdefinitions.DataStructuresSD - The output has to be displayed
23:15:31.979 [main] INFO  stepdefinitions.SignInSD - User is on SignIn page
23:15:35.659 [main] INFO  stepdefinitions.SignInSD - User enters username as Kowsalya25and password asSaibaba25@
23:15:36.878 [main] INFO  stepdefinitions.SignInSD - User clicks on login button
23:15:39.489 [main] INFO  stepdefinitions.ArraysSD - User Clicks on Basic Operation in Lists
23:15:40.837 [main] INFO  stepdefinitions.DataStructuresSD - It should navigate to corresponding page with titleBasic Operations in Lists
23:15:40.943 [main] INFO  stepdefinitions.DataStructuresSD - user click on Try here button
23:15:42.927 [main] INFO  stepdefinitions.DataStructuresSD - It should navigate to corresponding page with titleAssessment
23:15:43.013 [main] INFO  stepdefinitions.DataStructuresSD - user enter the Python code
23:15:45.618 [main] INFO  stepdefinitions.DataStructuresSD - click on run button
23:15:45.998 [main] INFO  stepdefinitions.DataStructuresSD - The output has to be displayed
23:15:51.720 [main] INFO  stepdefinitions.SignInSD - User is on SignIn page
23:15:55.792 [main] INFO  stepdefinitions.SignInSD - User enters username as Kowsalya25and password asSaibaba25@
23:15:57.820 [main] INFO  stepdefinitions.SignInSD - User clicks on login button
23:15:59.958 [main] INFO  stepdefinitions.ArraysSD - User clicks on Applications of arrays
23:16:01.057 [main] INFO  stepdefinitions.DataStructuresSD - It should navigate to corresponding page with titleApplications of Array
23:16:01.110 [main] INFO  stepdefinitions.DataStructuresSD - user click on Try here button
23:16:03.102 [main] INFO  stepdefinitions.DataStructuresSD - It should navigate to corresponding page with titleAssessment
23:16:03.182 [main] INFO  stepdefinitions.DataStructuresSD - user enter the Python code
23:16:04.822 [main] INFO  stepdefinitions.DataStructuresSD - click on run button
23:16:05.202 [main] INFO  stepdefinitions.DataStructuresSD - The output has to be displayed
23:16:08.769 [main] INFO  stepdefinitions.SignInSD - User is on SignIn page
23:16:11.838 [main] INFO  stepdefinitions.SignInSD - User enters username as Kowsalya25and password asSaibaba25@
23:16:12.735 [main] INFO  stepdefinitions.SignInSD - User clicks on login button
23:16:15.584 [main] INFO  stepdefinitions.ArraysSD - User clicks on Practice Questions
23:16:22.700 [main] INFO  stepdefinitions.DataStructuresSD - It should navigate to corresponding page with titlePractice Questions
23:16:22.746 [main] INFO  stepdefinitions.ArraysSD - User clicks on search the array
23:16:25.054 [main] INFO  stepdefinitions.DataStructuresSD - It should navigate to corresponding page with titleAssessment
23:23:54.118 [main] INFO  stepdefinitions.SignInSD - User is on SignIn page
23:23:55.683 [main] INFO  stepdefinitions.SignInSD - User enters username as Kowsalya25and password asSaibaba25@
23:23:56.651 [main] INFO  stepdefinitions.SignInSD - User clicks on login button
23:23:59.164 [main] INFO  stepdefinitions.DataStructuresSD - The user redirected to page with titleArray
23:24:03.792 [main] INFO  stepdefinitions.SignInSD - User is on SignIn page
23:24:06.753 [main] INFO  stepdefinitions.SignInSD - User enters username as Kowsalya25and password asSaibaba25@
23:24:07.792 [main] INFO  stepdefinitions.SignInSD - User clicks on login button
23:24:10.229 [main] INFO  stepdefinitions.ArraysSD - User Clicks on Arrays in python
23:24:11.982 [main] INFO  stepdefinitions.DataStructuresSD - It should navigate to corresponding page with titleArrays in Python
23:24:12.017 [main] INFO  stepdefinitions.DataStructuresSD - user click on Try here button
23:24:14.227 [main] INFO  stepdefinitions.DataStructuresSD - It should navigate to corresponding page with titleAssessment
23:24:14.279 [main] INFO  stepdefinitions.DataStructuresSD - user enter the Python code
23:24:15.906 [main] INFO  stepdefinitions.DataStructuresSD - click on run button
23:24:16.282 [main] INFO  stepdefinitions.DataStructuresSD - The output has to be displayed
23:24:20.450 [main] INFO  stepdefinitions.SignInSD - User is on SignIn page
23:24:23.057 [main] INFO  stepdefinitions.SignInSD - User enters username as Kowsalya25and password asSaibaba25@
23:24:24.748 [main] INFO  stepdefinitions.SignInSD - User clicks on login button
23:24:27.416 [main] INFO  stepdefinitions.ArraysSD - User Clicks on Arrays using list link
23:24:29.037 [main] INFO  stepdefinitions.DataStructuresSD - It should navigate to corresponding page with titleArrays Using List
23:24:29.083 [main] INFO  stepdefinitions.DataStructuresSD - user click on Try here button
23:24:34.025 [main] INFO  stepdefinitions.DataStructuresSD - It should navigate to corresponding page with titleAssessment
23:24:34.260 [main] INFO  stepdefinitions.DataStructuresSD - user enter the Python code
23:24:40.029 [main] INFO  stepdefinitions.SignInSD - User is on SignIn page
23:24:41.771 [main] INFO  stepdefinitions.SignInSD - User enters username as Kowsalya25and password asSaibaba25@
23:24:42.707 [main] INFO  stepdefinitions.SignInSD - User clicks on login button
23:24:45.457 [main] INFO  stepdefinitions.ArraysSD - User Clicks on Basic Operation in Lists
23:24:46.652 [main] INFO  stepdefinitions.DataStructuresSD - It should navigate to corresponding page with titleBasic Operations in Lists
23:24:46.684 [main] INFO  stepdefinitions.DataStructuresSD - user click on Try here button
23:24:49.063 [main] INFO  stepdefinitions.DataStructuresSD - It should navigate to corresponding page with titleAssessment
23:24:49.127 [main] INFO  stepdefinitions.DataStructuresSD - user enter the Python code
23:24:50.915 [main] INFO  stepdefinitions.DataStructuresSD - click on run button
23:24:51.280 [main] INFO  stepdefinitions.DataStructuresSD - The output has to be displayed
23:24:54.993 [main] INFO  stepdefinitions.SignInSD - User is on SignIn page
23:24:56.772 [main] INFO  stepdefinitions.SignInSD - User enters username as Kowsalya25and password asSaibaba25@
23:24:57.978 [main] INFO  stepdefinitions.SignInSD - User clicks on login button
23:25:00.646 [main] INFO  stepdefinitions.ArraysSD - User clicks on Applications of arrays
23:25:01.822 [main] INFO  stepdefinitions.DataStructuresSD - It should navigate to corresponding page with titleApplications of Array
23:25:01.885 [main] INFO  stepdefinitions.DataStructuresSD - user click on Try here button
23:25:03.890 [main] INFO  stepdefinitions.DataStructuresSD - It should navigate to corresponding page with titleAssessment
23:25:03.935 [main] INFO  stepdefinitions.DataStructuresSD - user enter the Python code
23:25:05.792 [main] INFO  stepdefinitions.DataStructuresSD - click on run button
23:25:06.201 [main] INFO  stepdefinitions.DataStructuresSD - The output has to be displayed
23:25:11.211 [main] INFO  stepdefinitions.SignInSD - User is on SignIn page
23:25:13.539 [main] INFO  stepdefinitions.SignInSD - User enters username as Kowsalya25and password asSaibaba25@
23:25:14.794 [main] INFO  stepdefinitions.SignInSD - User clicks on login button
23:25:17.950 [main] INFO  stepdefinitions.ArraysSD - User clicks on Practice Questions
23:25:26.469 [main] INFO  stepdefinitions.DataStructuresSD - It should navigate to corresponding page with titlePractice Questions
23:25:26.496 [main] INFO  stepdefinitions.ArraysSD - User clicks on search the array
23:25:28.557 [main] INFO  stepdefinitions.DataStructuresSD - It should navigate to corresponding page with titleAssessment
23:25:34.031 [main] INFO  stepdefinitions.SignInSD - User is on SignIn page
23:25:36.347 [main] INFO  stepdefinitions.SignInSD - User enters username as Kowsalya25and password asSaibaba25@
23:25:37.204 [main] INFO  stepdefinitions.SignInSD - User clicks on login button
23:25:39.862 [main] INFO  stepdefinitions.ArraysSD - User Clicks on Arrays in python
23:25:41.335 [main] INFO  stepdefinitions.DataStructuresSD - user click on Try here button
23:25:43.533 [main] INFO  stepdefinitions.DataStructuresSD - user enters the wrong Python code
23:25:44.524 [main] INFO  stepdefinitions.DataStructuresSD - click on run button
23:25:44.922 [main] INFO  stepdefinitions.DataStructuresSD - The alert message has to be displayed
23:25:49.771 [main] INFO  stepdefinitions.SignInSD - User is on SignIn page
23:25:51.013 [main] INFO  stepdefinitions.SignInSD - User enters username as Kowsalya25and password asSaibaba25@
23:25:51.958 [main] INFO  stepdefinitions.SignInSD - User clicks on login button
23:25:54.404 [main] INFO  stepdefinitions.ArraysSD - User Clicks on Arrays using list link
23:25:55.768 [main] INFO  stepdefinitions.DataStructuresSD - user click on Try here button
23:25:57.942 [main] INFO  stepdefinitions.DataStructuresSD - user enters the wrong Python code
23:25:58.961 [main] INFO  stepdefinitions.DataStructuresSD - click on run button
23:25:59.406 [main] INFO  stepdefinitions.DataStructuresSD - The alert message has to be displayed
23:26:08.266 [main] INFO  stepdefinitions.SignInSD - User is on SignIn page
23:26:11.256 [main] INFO  stepdefinitions.SignInSD - User enters username as Kowsalya25and password asSaibaba25@
23:26:12.368 [main] INFO  stepdefinitions.SignInSD - User clicks on login button
23:26:15.503 [main] INFO  stepdefinitions.ArraysSD - User Clicks on Basic Operation in Lists
23:26:16.872 [main] INFO  stepdefinitions.DataStructuresSD - user click on Try here button
23:26:19.402 [main] INFO  stepdefinitions.DataStructuresSD - user enters the wrong Python code
23:26:20.482 [main] INFO  stepdefinitions.DataStructuresSD - click on run button
23:26:20.888 [main] INFO  stepdefinitions.DataStructuresSD - The alert message has to be displayed
23:26:24.922 [main] INFO  stepdefinitions.SignInSD - User is on SignIn page
23:26:27.383 [main] INFO  stepdefinitions.SignInSD - User enters username as Kowsalya25and password asSaibaba25@
23:26:28.492 [main] INFO  stepdefinitions.SignInSD - User clicks on login button
23:26:31.502 [main] INFO  stepdefinitions.ArraysSD - User clicks on Applications of arrays
23:26:32.778 [main] INFO  stepdefinitions.DataStructuresSD - user click on Try here button
23:26:35.195 [main] INFO  stepdefinitions.DataStructuresSD - user enters the wrong Python code
23:26:36.329 [main] INFO  stepdefinitions.DataStructuresSD - click on run button
23:26:36.737 [main] INFO  stepdefinitions.DataStructuresSD - The alert message has to be displayed
23:28:42.693 [main] INFO  stepdefinitions.SignInSD - User is on SignIn page
23:28:44.573 [main] INFO  stepdefinitions.SignInSD - User enters username as Kowsalya25and password asSaibaba25@
23:28:45.806 [main] INFO  stepdefinitions.SignInSD - User clicks on login button
23:28:49.076 [main] INFO  stepdefinitions.DataStructuresSD - The user redirected to page with titleTree
